;  LST file generated by mikroListExporter - v.2.0 
; Date/Time: 17/08/2017 20:26:40
;----------------------------------------------

;Address Opcode 	ASM
0x0000	0xF000EF16  	GOTO        44
0x0004	0x0000      	NOP
0x0006	0x0000      	NOP
0x0008	0xF000EF00  	GOTO        0
0x000C	0x0000      	NOP
0x000E	0x0000      	NOP
0x0010	0x0000      	NOP
0x0012	0x0000      	NOP
0x0014	0x0000      	NOP
0x0016	0x0000      	NOP
0x0018	0xD7F3      	BRA         0
___CC2DW:
;__Lib_System.c,21 :: 		
;__Lib_System.c,23 :: 		
_CC2DL_Loop1:
;__Lib_System.c,24 :: 		
0x001C	0x0009      	TBLRD*+
;__Lib_System.c,25 :: 		
0x001E	0xFFE6CFF5  	MOVFF       TABLAT, POSTINC1
;__Lib_System.c,26 :: 		
0x0022	0x0600      	DECF        R0, 1, 0
;__Lib_System.c,27 :: 		
0x0024	0xE1FB      	BNZ         _CC2DL_Loop1
;__Lib_System.c,28 :: 		
0x0026	0x0601      	DECF        R1, 1, 0
;__Lib_System.c,29 :: 		
0x0028	0xE1F9      	BNZ         _CC2DL_Loop1
;__Lib_System.c,31 :: 		
L_end___CC2DW:
0x002A	0x0012      	RETURN      0
; end of ___CC2DW
_main:
;piscaled.c,1 :: 		void main() {
;piscaled.c,2 :: 		trisc =0; //portC como saida
0x002C	0x6A94      	CLRF        TRISC 
;piscaled.c,3 :: 		adcon1 =15; // portA e portB como digital
0x002E	0x0E0F      	MOVLW       15
0x0030	0x6EC1      	MOVWF       ADCON1 
;piscaled.c,4 :: 		cmcon = 7; //comparadores desabilitados
0x0032	0x0E07      	MOVLW       7
0x0034	0x6EB4      	MOVWF       CMCON 
;piscaled.c,6 :: 		while(1){//loop principal
L_main0:
;piscaled.c,9 :: 		portc=4;//liga led RC2
0x0036	0x0E04      	MOVLW       4
0x0038	0x6E82      	MOVWF       PORTC 
;piscaled.c,10 :: 		delay_ms(500);
0x003A	0x0E0D      	MOVLW       13
0x003C	0x6E0B      	MOVWF       R11, 0
0x003E	0x0EAF      	MOVLW       175
0x0040	0x6E0C      	MOVWF       R12, 0
0x0042	0x0EB6      	MOVLW       182
0x0044	0x6E0D      	MOVWF       R13, 0
L_main2:
0x0046	0x2E0D      	DECFSZ      R13, 1, 0
0x0048	0xD7FE      	BRA         L_main2
0x004A	0x2E0C      	DECFSZ      R12, 1, 0
0x004C	0xD7FC      	BRA         L_main2
0x004E	0x2E0B      	DECFSZ      R11, 1, 0
0x0050	0xD7FA      	BRA         L_main2
0x0052	0x0000      	NOP
;piscaled.c,11 :: 		portc=6;//liga o led RC2 e RC1
0x0054	0x0E06      	MOVLW       6
0x0056	0x6E82      	MOVWF       PORTC 
;piscaled.c,12 :: 		delay_ms(500);
0x0058	0x0E0D      	MOVLW       13
0x005A	0x6E0B      	MOVWF       R11, 0
0x005C	0x0EAF      	MOVLW       175
0x005E	0x6E0C      	MOVWF       R12, 0
0x0060	0x0EB6      	MOVLW       182
0x0062	0x6E0D      	MOVWF       R13, 0
L_main3:
0x0064	0x2E0D      	DECFSZ      R13, 1, 0
0x0066	0xD7FE      	BRA         L_main3
0x0068	0x2E0C      	DECFSZ      R12, 1, 0
0x006A	0xD7FC      	BRA         L_main3
0x006C	0x2E0B      	DECFSZ      R11, 1, 0
0x006E	0xD7FA      	BRA         L_main3
0x0070	0x0000      	NOP
;piscaled.c,13 :: 		portc=14;//liga o led RC2 e RC1
0x0072	0x0E0E      	MOVLW       14
0x0074	0x6E82      	MOVWF       PORTC 
;piscaled.c,14 :: 		delay_ms(500);
0x0076	0x0E0D      	MOVLW       13
0x0078	0x6E0B      	MOVWF       R11, 0
0x007A	0x0EAF      	MOVLW       175
0x007C	0x6E0C      	MOVWF       R12, 0
0x007E	0x0EB6      	MOVLW       182
0x0080	0x6E0D      	MOVWF       R13, 0
L_main4:
0x0082	0x2E0D      	DECFSZ      R13, 1, 0
0x0084	0xD7FE      	BRA         L_main4
0x0086	0x2E0C      	DECFSZ      R12, 1, 0
0x0088	0xD7FC      	BRA         L_main4
0x008A	0x2E0B      	DECFSZ      R11, 1, 0
0x008C	0xD7FA      	BRA         L_main4
0x008E	0x0000      	NOP
;piscaled.c,15 :: 		portc=15;//liga todos
0x0090	0x0E0F      	MOVLW       15
0x0092	0x6E82      	MOVWF       PORTC 
;piscaled.c,16 :: 		delay_ms(500);
0x0094	0x0E0D      	MOVLW       13
0x0096	0x6E0B      	MOVWF       R11, 0
0x0098	0x0EAF      	MOVLW       175
0x009A	0x6E0C      	MOVWF       R12, 0
0x009C	0x0EB6      	MOVLW       182
0x009E	0x6E0D      	MOVWF       R13, 0
L_main5:
0x00A0	0x2E0D      	DECFSZ      R13, 1, 0
0x00A2	0xD7FE      	BRA         L_main5
0x00A4	0x2E0C      	DECFSZ      R12, 1, 0
0x00A6	0xD7FC      	BRA         L_main5
0x00A8	0x2E0B      	DECFSZ      R11, 1, 0
0x00AA	0xD7FA      	BRA         L_main5
0x00AC	0x0000      	NOP
;piscaled.c,17 :: 		portc=14;//liga o led RC2 e RC1
0x00AE	0x0E0E      	MOVLW       14
0x00B0	0x6E82      	MOVWF       PORTC 
;piscaled.c,18 :: 		delay_ms(500);
0x00B2	0x0E0D      	MOVLW       13
0x00B4	0x6E0B      	MOVWF       R11, 0
0x00B6	0x0EAF      	MOVLW       175
0x00B8	0x6E0C      	MOVWF       R12, 0
0x00BA	0x0EB6      	MOVLW       182
0x00BC	0x6E0D      	MOVWF       R13, 0
L_main6:
0x00BE	0x2E0D      	DECFSZ      R13, 1, 0
0x00C0	0xD7FE      	BRA         L_main6
0x00C2	0x2E0C      	DECFSZ      R12, 1, 0
0x00C4	0xD7FC      	BRA         L_main6
0x00C6	0x2E0B      	DECFSZ      R11, 1, 0
0x00C8	0xD7FA      	BRA         L_main6
0x00CA	0x0000      	NOP
;piscaled.c,19 :: 		portc=6;//liga o led RC2
0x00CC	0x0E06      	MOVLW       6
0x00CE	0x6E82      	MOVWF       PORTC 
;piscaled.c,20 :: 		delay_ms(500);
0x00D0	0x0E0D      	MOVLW       13
0x00D2	0x6E0B      	MOVWF       R11, 0
0x00D4	0x0EAF      	MOVLW       175
0x00D6	0x6E0C      	MOVWF       R12, 0
0x00D8	0x0EB6      	MOVLW       182
0x00DA	0x6E0D      	MOVWF       R13, 0
L_main7:
0x00DC	0x2E0D      	DECFSZ      R13, 1, 0
0x00DE	0xD7FE      	BRA         L_main7
0x00E0	0x2E0C      	DECFSZ      R12, 1, 0
0x00E2	0xD7FC      	BRA         L_main7
0x00E4	0x2E0B      	DECFSZ      R11, 1, 0
0x00E6	0xD7FA      	BRA         L_main7
0x00E8	0x0000      	NOP
;piscaled.c,21 :: 		portc=0;//Apaga tudo
0x00EA	0x6A82      	CLRF        PORTC 
;piscaled.c,22 :: 		portc=4;//liga led RC2
0x00EC	0x0E04      	MOVLW       4
0x00EE	0x6E82      	MOVWF       PORTC 
;piscaled.c,23 :: 		delay_ms(500);
0x00F0	0x0E0D      	MOVLW       13
0x00F2	0x6E0B      	MOVWF       R11, 0
0x00F4	0x0EAF      	MOVLW       175
0x00F6	0x6E0C      	MOVWF       R12, 0
0x00F8	0x0EB6      	MOVLW       182
0x00FA	0x6E0D      	MOVWF       R13, 0
L_main8:
0x00FC	0x2E0D      	DECFSZ      R13, 1, 0
0x00FE	0xD7FE      	BRA         L_main8
0x0100	0x2E0C      	DECFSZ      R12, 1, 0
0x0102	0xD7FC      	BRA         L_main8
0x0104	0x2E0B      	DECFSZ      R11, 1, 0
0x0106	0xD7FA      	BRA         L_main8
0x0108	0x0000      	NOP
;piscaled.c,25 :: 		}
0x010A	0xD795      	BRA         L_main0
;piscaled.c,27 :: 		}
L_end_main:
0x010C	0xD7FF      	BRA         $+0
; end of _main
Symbol List:
//** Routines locations **
//ADDRESS    SIZE    PROCEDURE
//----------------------------------------------
0x001C      [16]    ___CC2DW
0x002C     [226]    _main
//** Variables locations ** 
//ADDRESS    SIZE    VARIABLE
//----------------------------------------------
0x0000       [1]    FLASH_Erase_64_SaveINTCON_L0
0x0000       [1]    __Lib_SoftI2C_PutZerosToLATScl_temp_scl_L0
0x0000       [1]    R0
0x0000       [1]    SPI1_Write_tmp_L0
0x0000       [1]    UART1_Init_tmp_L0
0x0000       [1]    EEPROM_Write_SaveINTCON_L0
0x0000       [1]    __Lib_SoftI2C_PutZerosToLATSda_temp_sda_L0
0x0001       [1]    __Lib_TFT_JPEG_FileReadBytes_Result_L0
0x0001       [1]    ispunct_rslt_L0
0x0001       [1]    R1
0x0001       [2]    FLASH_Read_N_Bytes_i_L0
0x0001       [1]    __Lib_TFT_16bit_JPEG_FileReadBytes_Result_L0
0x0001       [1]    __Lib_PS2_Wait_Falling_nsample_L0
0x0001       [1]    I2C1_Rd_tmp_L0
0x0001       [1]    FLASH_Erase_Write_64_i_L0
0x0001       [1]    FLASH_Write_32_i_L0
0x0001       [1]    __Lib_TFT_16bit_JPEG_FileRead_i_L0
0x0001       [1]    UART1_Read___tmp_UART1_Read_L0
0x0001       [1]    __Lib_TFT_JPEG_FileRead_i_L0
0x0002       [2]    memchr_s_L0
0x0002       [1]    FLASH_Write_32_SaveINTCON_L0
0x0002       [2]    memcpy_dd_L0
0x0002       [2]    memset_pp_L0
0x0002       [1]    FLASH_Erase_Write_64_j_L0
0x0002       [1]    R2
0x0002       [2]    strlen_cp_L0
0x0003       [1]    FLASH_Erase_Write_64_SaveINTCON_L0
0x0003       [2]    memmove_tt_L0
0x0003       [2]    __Lib_MmcFat16_f16_toInt_l_L0
0x0003       [2]    MM_TotalFreeMemSize_Tot_L0
0x0003       [1]    R3
0x0003       [1]    MM_Init_i_L0
0x0003       [2]    Ltrim_original_L0
0x0004       [2]    strcpy_cp_L0
0x0004       [2]    strcat_cp_L0
0x0004       [2]    __Lib_MemManager_MM_GetMemAlign_P_L0
0x0004       [2]    memcpy_ss_L0
0x0004       [2]    frexp_pom_L0
0x0004       [1]    R4
0x0004       [2]    strncat_cp_L0
0x0004       [2]    strncpy_cp_L0
0x0005       [2]    LongIntToHex_input_half_L0
0x0005       [2]    memmove_ff_L0
0x0005       [1]    MM_TotalFreeMemSize_i_L0
0x0005       [2]    LongWordToHex_input_half_L0
0x0005       [1]    R5
0x0005       [2]    Ltrim_p_L0
0x0006       [1]    __Lib_MemManager_MM_GetMemAlign_i_L0
0x0006       [1]    R6
0x0007       [1]    __Lib_TFT_JPEG_GenerateHuffmanTables_bLength_L0
0x0007       [1]    __Lib_TFT_16bit_JPEG_GenerateHuffmanTables_bLength_L0
0x0007       [1]    R7
0x0008       [1]    __Lib_TFT_16bit_JPEG_GenerateHuffmanTables_bTable_L0
0x0008       [1]    __Lib_TFT_JPEG_GenerateHuffmanTables_bTable_L0
0x0008       [1]    R8
0x0009       [1]    R9
0x0009       [4]    __Lib_MmcFat16_f16_toLong_l_L0
0x000A       [1]    R10
0x000B       [1]    R11
0x000C       [1]    R12
0x000D       [1]    R13
0x000E       [1]    R14
0x000F       [1]    R15
0x0010       [1]    R16
0x0011       [1]    R17
0x0012       [1]    R18
0x0013       [1]    R19
0x0014       [1]    R20
0x0F82       [1]    PORTC
0x0F94       [1]    TRISC
0x0FB4       [1]    CMCON
0x0FC1       [1]    ADCON1
0x0FD8       [1]    STATUS
0x0FD9       [1]    FSR2L
0x0FDA       [1]    FSR2H
0x0FDE       [1]    POSTINC2
0x0FE0       [1]    BSR
0x0FE1       [1]    FSR1L
0x0FE2       [1]    FSR1H
0x0FE4       [1]    PREINC1
0x0FE6       [1]    POSTINC1
0x0FE7       [1]    INDF1
0x0FE8       [1]    WREG
0x0FE9       [1]    FSR0L
0x0FEA       [1]    FSR0H
0x0FEE       [1]    POSTINC0
0x0FF3       [1]    PRODL
0x0FF4       [1]    PRODH
0x0FF5       [1]    TABLAT
0x0FF6       [1]    TBLPTRL
0x0FF7       [1]    TBLPTRH
0x0FF8       [1]    TBLPTRU
//** Label List: ** 
//----------------------------------------------
  L_main0
  L_main1
  L_main2
  L_main3
  L_main4
  L_main5
  L_main6
  L_main7
  L_main8
  L_end_main
  _main
  _CC2D_Loop1
  _CC2DL_Loop1
  L_loopCA2AWs
  L_loopCCA2AWs
  L_loopCS2Ss
  L_CS2Send
  L_loopCCS2Ss
  L_CCS2Send
  L_loopFZinSWs
  L_longjmp7
  L_end___CC2D
  ___CC2D
  L_end___CC2DW
  ___CC2DW
  L_end___CA2AW
  ___CA2AW
  L_end___CCA2AW
  ___CCA2AW
  L_end___CS2S
  ___CS2S
  L_end___CCS2S
  ___CCS2S
  L_end___FZinS
  ___FZinS
  L_end_____DoIFC
  _____DoIFC
  L_end_Swap
  _Swap
  L_end_setjmp
  _setjmp
  L_end_longjmp
  _longjmp
